<?xml version="1.0" encoding="UTF-8"?>
<testng-results ignored="0" total="1" passed="1" failed="0" skipped="0">
  <reporter-output>
  </reporter-output>
  <suite started-at="2021-06-19T08:25:49 CDT" name="Default suite" finished-at="2021-06-19T08:26:16 CDT" duration-ms="26713">
    <groups>
    </groups>
    <test started-at="2021-06-19T08:25:49 CDT" name="Default test" finished-at="2021-06-19T08:26:16 CDT" duration-ms="26713">
      <class name="w3project.W3MainMenuTest">
        <test-method is-config="true" signature="setup()[pri:0, instance:w3project.W3MainMenuTest@327b636c]" started-at="2021-06-19T08:25:49 CDT" name="setup" finished-at="2021-06-19T08:26:13 CDT" duration-ms="23563" status="PASS">
          <reporter-output>
          </reporter-output>
        </test-method> <!-- setup -->
        <test-method signature="clickTutorial()[pri:0, instance:w3project.W3MainMenuTest@327b636c]" started-at="2021-06-19T08:26:13 CDT" name="clickTutorial" finished-at="2021-06-19T08:26:16 CDT" duration-ms="3118" status="PASS">
          <reporter-output>
          </reporter-output>
        </test-method> <!-- clickTutorial -->
      </class> <!-- w3project.W3MainMenuTest -->
    </test> <!-- Default test -->
  </suite> <!-- Default suite -->
</testng-results>
